<html>
<body>
<pre>
<h1>µVision Build Log</h1>
<h2>Tool Versions:</h2>
IDE-Version: µVision V5.36.0.0
Copyright (C) 2021 ARM Ltd and ARM Germany GmbH. All rights reserved.
License Information: Dawid Pietrala, Kielce University of Technology, LIC=6XJFT-AYDM9-4EBLA-Z8CIF-21WVS-ZCPY5
 
Tool Versions:
Toolchain:       MDK-ARM Professional  Version: 5.36.0.0
Toolchain Path:  C:\Keil_v5\ARM\ARMCC\Bin
C Compiler:      Armcc.exe V5.06 update 7 (build 960)
Assembler:       Armasm.exe V5.06 update 7 (build 960)
Linker/Locator:  ArmLink.exe V5.06 update 7 (build 960)
Library Manager: ArmAr.exe V5.06 update 7 (build 960)
Hex Converter:   FromElf.exe V5.06 update 7 (build 960)
CPU DLL:         SARMCM3.DLL V5.36.0.0
Dialog DLL:      DCM.DLL V1.17.3.0
Target DLL:      STLink\ST-LINKIII-KEIL_SWO.dll V3.0.9.0
Dialog DLL:      TCM.DLL V1.53.0.0
 
<h2>Project:</h2>
C:\Users\Dawid\Moj dysk\Avena Technologie\AT_Repo\jtc\AT_H745_JTC_1\AT_H7M7_JTC_1\AT_H7M7_JTC_1.uvprojx
Project File Date:  04/27/2022

<h2>Output:</h2>
*** Using Compiler 'V5.06 update 7 (build 960)', folder: 'C:\Keil_v5\ARM\ARMCC\Bin'
Build Project 'AT_H7M7_JTC_1' - Target 'Target 1'
compiling Control.c...
C:\Users\Dawid\Moj dysk\Avena Technologie\AT_Repo\jtc\AT_H745_JTC_1\AT_H7M7_JTC_1\Control.c(216): warning:  #177-D: function "Control_JtcSetJointToCurrentMode"  was declared but never referenced
  static void Control_JtcSetJointToCurrentMode(uint8_t num)
Control.c: 1 warning, 0 errors
compiling TrajGen.c...
C:\Users\Dawid\Moj dysk\Avena Technologie\AT_Repo\jtc\AT_H745_JTC_1\AT_H7M7_JTC_1\TrajGen.c(46): error:  #169: expected a declaration
  <<<<<<< HEAD
C:\Users\Dawid\Moj dysk\Avena Technologie\AT_Repo\jtc\AT_H745_JTC_1\AT_H7M7_JTC_1\TrajGen.c(124): warning:  #12-D: parsing restarts here after previous syntax error
  			x.u32 = (uint32_t)Mbs.hregs[idx++] << 16;
C:\Users\Dawid\Moj dysk\Avena Technologie\AT_Repo\jtc\AT_H745_JTC_1\AT_H7M7_JTC_1\TrajGen.c(125): error:  #77-D: this declaration has no storage class or type specifier
  			x.u32 += (uint32_t)Mbs.hregs[idx++] << 0;
C:\Users\Dawid\Moj dysk\Avena Technologie\AT_Repo\jtc\AT_H745_JTC_1\AT_H7M7_JTC_1\TrajGen.c(125): error:  #65: expected a ";"
  			x.u32 += (uint32_t)Mbs.hregs[idx++] << 0;
C:\Users\Dawid\Moj dysk\Avena Technologie\AT_Repo\jtc\AT_H745_JTC_1\AT_H7M7_JTC_1\TrajGen.c(126): error:  #77-D: this declaration has no storage class or type specifier
  			Traj.Tgen.waypoints[i+1].pos[j] = x.f32;
C:\Users\Dawid\Moj dysk\Avena Technologie\AT_Repo\jtc\AT_H745_JTC_1\AT_H7M7_JTC_1\TrajGen.c(126): error:  #147: declaration is incompatible with "sTrajectory Traj"  (declared at line 3)
  			Traj.Tgen.waypoints[i+1].pos[j] = x.f32;
C:\Users\Dawid\Moj dysk\Avena Technologie\AT_Repo\jtc\AT_H745_JTC_1\AT_H7M7_JTC_1\TrajGen.c(126): error:  #65: expected a ";"
  			Traj.Tgen.waypoints[i+1].pos[j] = x.f32;
C:\Users\Dawid\Moj dysk\Avena Technologie\AT_Repo\jtc\AT_H745_JTC_1\AT_H7M7_JTC_1\TrajGen.c(127): error:  #169: expected a declaration
  		}
C:\Users\Dawid\Moj dysk\Avena Technologie\AT_Repo\jtc\AT_H745_JTC_1\AT_H7M7_JTC_1\TrajGen.c(129): error:  #77-D: this declaration has no storage class or type specifier
  		x.u32 += (uint32_t)Mbs.hregs[idx++] << 0;
C:\Users\Dawid\Moj dysk\Avena Technologie\AT_Repo\jtc\AT_H745_JTC_1\AT_H7M7_JTC_1\TrajGen.c(129): error:  #65: expected a ";"
  		x.u32 += (uint32_t)Mbs.hregs[idx++] << 0;
C:\Users\Dawid\Moj dysk\Avena Technologie\AT_Repo\jtc\AT_H745_JTC_1\AT_H7M7_JTC_1\TrajGen.c(130): error:  #77-D: this declaration has no storage class or type specifier
  		Traj.Tgen.waypoints[i+1].vel = x.f32;
C:\Users\Dawid\Moj dysk\Avena Technologie\AT_Repo\jtc\AT_H745_JTC_1\AT_H7M7_JTC_1\TrajGen.c(130): error:  #65: expected a ";"
  		Traj.Tgen.waypoints[i+1].vel = x.f32;
C:\Users\Dawid\Moj dysk\Avena Technologie\AT_Repo\jtc\AT_H745_JTC_1\AT_H7M7_JTC_1\TrajGen.c(131): error:  #77-D: this declaration has no storage class or type specifier
  		Traj.Tgen.waypoints[i+1].type = SPT_Way;
C:\Users\Dawid\Moj dysk\Avena Technologie\AT_Repo\jtc\AT_H745_JTC_1\AT_H7M7_JTC_1\TrajGen.c(131): error:  #65: expected a ";"
  		Traj.Tgen.waypoints[i+1].type = SPT_Way;
C:\Users\Dawid\Moj dysk\Avena Technologie\AT_Repo\jtc\AT_H745_JTC_1\AT_H7M7_JTC_1\TrajGen.c(132): error:  #169: expected a declaration
  	}
C:\Users\Dawid\Moj dysk\Avena Technologie\AT_Repo\jtc\AT_H745_JTC_1\AT_H7M7_JTC_1\TrajGen.c(136): error:  #169: expected a declaration
  	for(uint32_t i=1;i<Traj.Tgen.maxwaypoints;i++)
C:\Users\Dawid\Moj dysk\Avena Technologie\AT_Repo\jtc\AT_H745_JTC_1\AT_H7M7_JTC_1\TrajGen.c(140): error:  #169: expected a declaration
  	return true;
C:\Users\Dawid\Moj dysk\Avena Technologie\AT_Repo\jtc\AT_H745_JTC_1\AT_H7M7_JTC_1\TrajGen.c(141): error:  #169: expected a declaration
  }
C:\Users\Dawid\Moj dysk\Avena Technologie\AT_Repo\jtc\AT_H745_JTC_1\AT_H7M7_JTC_1\TrajGen.c(356): warning:  #12-D: parsing restarts here after previous syntax error
  static const double accmax = 12.0;
C:\Users\Dawid\Moj dysk\Avena Technologie\AT_Repo\jtc\AT_H745_JTC_1\AT_H7M7_JTC_1\TrajGen.c(401): error:  #20: identifier "accmax" is undefined
  	if(V1 > vstart)		acc1 = fabs(accmax);
C:\Users\Dawid\Moj dysk\Avena Technologie\AT_Repo\jtc\AT_H745_JTC_1\AT_H7M7_JTC_1\TrajGen.c(402): error:  #20: identifier "accmax" is undefined
  	else							acc1 = -fabs(accmax);
C:\Users\Dawid\Moj dysk\Avena Technologie\AT_Repo\jtc\AT_H745_JTC_1\AT_H7M7_JTC_1\TrajGen.c(403): error:  #20: identifier "accmax" is undefined
  	if(vend > V1)			acc2 = fabs(accmax);
C:\Users\Dawid\Moj dysk\Avena Technologie\AT_Repo\jtc\AT_H745_JTC_1\AT_H7M7_JTC_1\TrajGen.c(404): error:  #20: identifier "accmax" is undefined
  	else							acc2 = -fabs(accmax);
C:\Users\Dawid\Moj dysk\Avena Technologie\AT_Repo\jtc\AT_H745_JTC_1\AT_H7M7_JTC_1\TrajGen.c(428): error:  #20: identifier "accmax" is undefined
  	if(V1 > vstart)		acc1 = fabs(accmax);
C:\Users\Dawid\Moj dysk\Avena Technologie\AT_Repo\jtc\AT_H745_JTC_1\AT_H7M7_JTC_1\TrajGen.c(429): error:  #20: identifier "accmax" is undefined
  	else							acc1 = -fabs(accmax);
C:\Users\Dawid\Moj dysk\Avena Technologie\AT_Repo\jtc\AT_H745_JTC_1\AT_H7M7_JTC_1\TrajGen.c(430): error:  #20: identifier "accmax" is undefined
  	if(vend > V1)			acc2 = fabs(accmax);
C:\Users\Dawid\Moj dysk\Avena Technologie\AT_Repo\jtc\AT_H745_JTC_1\AT_H7M7_JTC_1\TrajGen.c(431): error:  #20: identifier "accmax" is undefined
  	else							acc2 = -fabs(accmax);
C:\Users\Dawid\Moj dysk\Avena Technologie\AT_Repo\jtc\AT_H745_JTC_1\AT_H7M7_JTC_1\TrajGen.c(450): error:  #154: expression must have struct or union type
  		for(int i=0;i<Traj.Tgen.maxwaypoints;i++)
C:\Users\Dawid\Moj dysk\Avena Technologie\AT_Repo\jtc\AT_H745_JTC_1\AT_H7M7_JTC_1\TrajGen.c(452): error:  #154: expression must have struct or union type
  			times[num][i] = TG_SLP_FindTime(Traj.Tgen.path[num][i]);
C:\Users\Dawid\Moj dysk\Avena Technologie\AT_Repo\jtc\AT_H745_JTC_1\AT_H7M7_JTC_1\TrajGen.c(455): error:  #154: expression must have struct or union type
  	for(int i=0;i<Traj.Tgen.maxwaypoints;i++)
C:\Users\Dawid\Moj dysk\Avena Technologie\AT_Repo\jtc\AT_H745_JTC_1\AT_H7M7_JTC_1\TrajGen.c(463): error:  #154: expression must have struct or union type
  		Traj.Tgen.waypoints[i].tend = max;
C:\Users\Dawid\Moj dysk\Avena Technologie\AT_Repo\jtc\AT_H745_JTC_1\AT_H7M7_JTC_1\TrajGen.c(468): error:  #154: expression must have struct or union type
  	for(int i=1;i<=Traj.Tgen.maxwaypoints;i++)
TrajGen.c: 2 warnings, 30 errors
compiling MB_RTU_Slave.c...
compiling Joints.c...
compiling Com.c...
compiling Gripper.c...
compiling Can.c...
compiling main.c...
compiling RNEA.c...
".\Objects\AT_H7M7_JTC_1.axf" - 30 Error(s), 3 Warning(s).

<h2>Software Packages used:</h2>

Package Vendor: ARM
                http://www.keil.com/pack/ARM.CMSIS.5.8.0.pack
                ARM.CMSIS.5.8.0
                CMSIS (Common Microcontroller Software Interface Standard)
   * Component: CORE Version: 5.5.0

Package Vendor: Keil
                http://www.keil.com/pack/Keil.STM32H7xx_DFP.3.0.0.pack
                Keil.STM32H7xx_DFP.3.0.0
                STMicroelectronics STM32H7 Series Device Support and Examples
   * Component: Startup Version: 1.9.0

<h2>Collection of Component include folders:</h2>
  .\RTE\_Target_1
  C:\Users\Dawid\AppData\Local\Arm\Packs\ARM\CMSIS\5.8.0\CMSIS\Core\Include
  C:\Users\Dawid\AppData\Local\Arm\Packs\Keil\STM32H7xx_DFP\3.0.0\Drivers\CMSIS\Device\ST\STM32H7xx\Include

<h2>Collection of Component Files used:</h2>

   * Component: ARM::CMSIS:CORE:5.5.0

   * Component: Keil::Device:Startup:1.9.0
      Source file:   Drivers\CMSIS\Device\ST\STM32H7xx\Source\Templates\arm\startup_stm32h745xx.s
      Include file:  Drivers\CMSIS\Device\ST\STM32H7xx\Include\stm32h7xx.h
      Source file:   Drivers\CMSIS\Device\ST\STM32H7xx\Source\Templates\system_stm32h7xx_dualcore_boot_cm4_cm7.c
Target not created.
Build Time Elapsed:  00:00:09
</pre>
</body>
</html>
